  moc ChessBoard.hpp
  RAII.cpp
  Chess.cpp
  ChessBoard.cpp
  main.cpp
C:\Users\lucas\source\repos\lukeguevs\FINAL_INF1015\ChessBoard.cpp(1,1): warning C4828: The file contains a character starting at offset 0x4a that is illegal in the current source character set (codepage 65001).
C:\Users\lucas\source\repos\lukeguevs\FINAL_INF1015\Chess.cpp(1,1): warning C4828: The file contains a character starting at offset 0x4a that is illegal in the current source character set (codepage 65001).
C:\Users\lucas\source\repos\lukeguevs\FINAL_INF1015\ChessBoard.cpp(1,1): warning C4828: The file contains a character starting at offset 0x66 that is illegal in the current source character set (codepage 65001).
C:\Users\lucas\source\repos\lukeguevs\FINAL_INF1015\RAII.cpp(1,1): warning C4828: The file contains a character starting at offset 0x4a that is illegal in the current source character set (codepage 65001).
C:\Users\lucas\source\repos\lukeguevs\FINAL_INF1015\Chess.cpp(1,1): warning C4828: The file contains a character starting at offset 0x66 that is illegal in the current source character set (codepage 65001).
C:\Users\lucas\source\repos\lukeguevs\FINAL_INF1015\RAII.cpp(1,1): warning C4828: The file contains a character starting at offset 0x66 that is illegal in the current source character set (codepage 65001).
C:\Users\lucas\source\repos\lukeguevs\FINAL_INF1015\ChessBoard.hpp(1,1): warning C4828: The file contains a character starting at offset 0x4a that is illegal in the current source character set (codepage 65001).
  (compiling source file 'ChessBoard.cpp')
  
C:\Users\lucas\source\repos\lukeguevs\FINAL_INF1015\ChessBoard.hpp(1,1): warning C4828: The file contains a character starting at offset 0x66 that is illegal in the current source character set (codepage 65001).
  (compiling source file 'ChessBoard.cpp')
  
C:\Users\lucas\source\repos\lukeguevs\FINAL_INF1015\RAII.hpp(1,1): warning C4828: The file contains a character starting at offset 0x4a that is illegal in the current source character set (codepage 65001).
  (compiling source file 'RAII.cpp')
  
C:\Users\lucas\source\repos\lukeguevs\FINAL_INF1015\RAII.hpp(1,1): warning C4828: The file contains a character starting at offset 0x66 that is illegal in the current source character set (codepage 65001).
  (compiling source file 'RAII.cpp')
  
C:\Users\lucas\source\repos\lukeguevs\FINAL_INF1015\ChessBoard.hpp(1,1): warning C4828: The file contains a character starting at offset 0x4a that is illegal in the current source character set (codepage 65001).
  (compiling source file 'RAII.cpp')
  
C:\Users\lucas\source\repos\lukeguevs\FINAL_INF1015\ChessBoard.hpp(1,1): warning C4828: The file contains a character starting at offset 0x66 that is illegal in the current source character set (codepage 65001).
  (compiling source file 'RAII.cpp')
  
C:\Users\lucas\source\repos\lukeguevs\FINAL_INF1015\main.cpp(1,1): warning C4828: The file contains a character starting at offset 0x4a that is illegal in the current source character set (codepage 65001).
C:\Users\lucas\source\repos\lukeguevs\FINAL_INF1015\main.cpp(1,1): warning C4828: The file contains a character starting at offset 0x66 that is illegal in the current source character set (codepage 65001).
C:\Users\lucas\source\repos\lukeguevs\FINAL_INF1015\Chess.h(1,1): warning C4828: The file contains a character starting at offset 0x4a that is illegal in the current source character set (codepage 65001).
  (compiling source file 'main.cpp')
  
C:\Users\lucas\source\repos\lukeguevs\FINAL_INF1015\Chess.h(1,1): warning C4828: The file contains a character starting at offset 0x66 that is illegal in the current source character set (codepage 65001).
  (compiling source file 'main.cpp')
  
C:\Users\lucas\source\repos\lukeguevs\FINAL_INF1015\ChessBoard.hpp(1,1): warning C4828: The file contains a character starting at offset 0x4a that is illegal in the current source character set (codepage 65001).
  (compiling source file 'main.cpp')
  
C:\Users\lucas\source\repos\lukeguevs\FINAL_INF1015\ChessBoard.hpp(1,1): warning C4828: The file contains a character starting at offset 0x66 that is illegal in the current source character set (codepage 65001).
  (compiling source file 'main.cpp')
  
C:\Users\lucas\source\repos\lukeguevs\FINAL_INF1015\ChessPieceWidget.hpp(1,1): warning C4828: The file contains a character starting at offset 0x4a that is illegal in the current source character set (codepage 65001).
  (compiling source file 'Chess.cpp')
  
C:\Users\lucas\source\repos\lukeguevs\FINAL_INF1015\ChessPieceWidget.hpp(1,1): warning C4828: The file contains a character starting at offset 0x66 that is illegal in the current source character set (codepage 65001).
  (compiling source file 'Chess.cpp')
  
C:\Users\lucas\source\repos\lukeguevs\FINAL_INF1015\Chess.h(1,1): warning C4828: The file contains a character starting at offset 0x4a that is illegal in the current source character set (codepage 65001).
  (compiling source file 'Chess.cpp')
  
C:\Users\lucas\source\repos\lukeguevs\FINAL_INF1015\Chess.h(1,1): warning C4828: The file contains a character starting at offset 0x66 that is illegal in the current source character set (codepage 65001).
  (compiling source file 'Chess.cpp')
  
C:\Users\lucas\source\repos\lukeguevs\FINAL_INF1015\ChessBoard.hpp(1,1): warning C4828: The file contains a character starting at offset 0x4a that is illegal in the current source character set (codepage 65001).
  (compiling source file 'Chess.cpp')
  
C:\Users\lucas\source\repos\lukeguevs\FINAL_INF1015\ChessBoard.hpp(1,1): warning C4828: The file contains a character starting at offset 0x66 that is illegal in the current source character set (codepage 65001).
  (compiling source file 'Chess.cpp')
  
C:\Users\lucas\source\repos\lukeguevs\FINAL_INF1015\ChessPieceWidget.hpp(1,1): warning C4828: The file contains a character starting at offset 0x4a that is illegal in the current source character set (codepage 65001).
  (compiling source file 'ChessBoard.cpp')
  
C:\Users\lucas\source\repos\lukeguevs\FINAL_INF1015\ChessPieceWidget.hpp(1,1): warning C4828: The file contains a character starting at offset 0x66 that is illegal in the current source character set (codepage 65001).
  (compiling source file 'ChessBoard.cpp')
  
C:\Users\lucas\source\repos\lukeguevs\FINAL_INF1015\ChessPieceWidget.hpp(1,1): warning C4828: The file contains a character starting at offset 0x4a that is illegal in the current source character set (codepage 65001).
  (compiling source file 'main.cpp')
  
C:\Users\lucas\source\repos\lukeguevs\FINAL_INF1015\ChessPieceWidget.hpp(1,1): warning C4828: The file contains a character starting at offset 0x66 that is illegal in the current source character set (codepage 65001).
  (compiling source file 'main.cpp')
  
C:\Users\lucas\source\repos\lukeguevs\FINAL_INF1015\ChessPieceWidget.hpp(1,1): warning C4828: The file contains a character starting at offset 0x4a that is illegal in the current source character set (codepage 65001).
  (compiling source file 'RAII.cpp')
  
C:\Users\lucas\source\repos\lukeguevs\FINAL_INF1015\ChessPieceWidget.hpp(1,1): warning C4828: The file contains a character starting at offset 0x66 that is illegal in the current source character set (codepage 65001).
  (compiling source file 'RAII.cpp')
  
C:\Users\lucas\source\repos\lukeguevs\FINAL_INF1015\King.hpp(1,1): warning C4828: The file contains a character starting at offset 0x4a that is illegal in the current source character set (codepage 65001).
  (compiling source file 'ChessBoard.cpp')
  
C:\Users\lucas\source\repos\lukeguevs\FINAL_INF1015\King.hpp(1,1): warning C4828: The file contains a character starting at offset 0x66 that is illegal in the current source character set (codepage 65001).
  (compiling source file 'ChessBoard.cpp')
  
C:\Users\lucas\source\repos\lukeguevs\FINAL_INF1015\Piece.hpp(1,1): warning C4828: The file contains a character starting at offset 0x4a that is illegal in the current source character set (codepage 65001).
  (compiling source file 'ChessBoard.cpp')
  
C:\Users\lucas\source\repos\lukeguevs\FINAL_INF1015\Piece.hpp(1,1): warning C4828: The file contains a character starting at offset 0x66 that is illegal in the current source character set (codepage 65001).
  (compiling source file 'ChessBoard.cpp')
  
C:\Users\lucas\source\repos\lukeguevs\FINAL_INF1015\Tour.hpp(1,1): warning C4828: The file contains a character starting at offset 0x4a that is illegal in the current source character set (codepage 65001).
  (compiling source file 'ChessBoard.cpp')
  
C:\Users\lucas\source\repos\lukeguevs\FINAL_INF1015\Tour.hpp(1,1): warning C4828: The file contains a character starting at offset 0x66 that is illegal in the current source character set (codepage 65001).
  (compiling source file 'ChessBoard.cpp')
  
C:\Users\lucas\source\repos\lukeguevs\FINAL_INF1015\Knight.hpp(1,1): warning C4828: The file contains a character starting at offset 0x4a that is illegal in the current source character set (codepage 65001).
  (compiling source file 'ChessBoard.cpp')
  
C:\Users\lucas\source\repos\lukeguevs\FINAL_INF1015\Knight.hpp(1,1): warning C4828: The file contains a character starting at offset 0x66 that is illegal in the current source character set (codepage 65001).
  (compiling source file 'ChessBoard.cpp')
  
C:\Users\lucas\source\repos\lukeguevs\FINAL_INF1015\RAII.hpp(1,1): warning C4828: The file contains a character starting at offset 0x4a that is illegal in the current source character set (codepage 65001).
  (compiling source file 'ChessBoard.cpp')
  
C:\Users\lucas\source\repos\lukeguevs\FINAL_INF1015\RAII.hpp(1,1): warning C4828: The file contains a character starting at offset 0x66 that is illegal in the current source character set (codepage 65001).
  (compiling source file 'ChessBoard.cpp')
  
C:\Users\lucas\source\repos\lukeguevs\FINAL_INF1015\King.hpp(1,1): warning C4828: The file contains a character starting at offset 0x4a that is illegal in the current source character set (codepage 65001).
  (compiling source file 'main.cpp')
  
C:\Users\lucas\source\repos\lukeguevs\FINAL_INF1015\King.hpp(1,1): warning C4828: The file contains a character starting at offset 0x66 that is illegal in the current source character set (codepage 65001).
  (compiling source file 'main.cpp')
  
C:\Users\lucas\source\repos\lukeguevs\FINAL_INF1015\Piece.hpp(1,1): warning C4828: The file contains a character starting at offset 0x4a that is illegal in the current source character set (codepage 65001).
  (compiling source file 'main.cpp')
  
C:\Users\lucas\source\repos\lukeguevs\FINAL_INF1015\Piece.hpp(1,1): warning C4828: The file contains a character starting at offset 0x66 that is illegal in the current source character set (codepage 65001).
  (compiling source file 'main.cpp')
  
C:\Users\lucas\source\repos\lukeguevs\FINAL_INF1015\Tour.hpp(1,1): warning C4828: The file contains a character starting at offset 0x4a that is illegal in the current source character set (codepage 65001).
  (compiling source file 'main.cpp')
  
C:\Users\lucas\source\repos\lukeguevs\FINAL_INF1015\Tour.hpp(1,1): warning C4828: The file contains a character starting at offset 0x66 that is illegal in the current source character set (codepage 65001).
  (compiling source file 'main.cpp')
  
C:\Users\lucas\source\repos\lukeguevs\FINAL_INF1015\Knight.hpp(1,1): warning C4828: The file contains a character starting at offset 0x4a that is illegal in the current source character set (codepage 65001).
  (compiling source file 'main.cpp')
  
C:\Users\lucas\source\repos\lukeguevs\FINAL_INF1015\Knight.hpp(1,1): warning C4828: The file contains a character starting at offset 0x66 that is illegal in the current source character set (codepage 65001).
  (compiling source file 'main.cpp')
  
C:\Users\lucas\source\repos\lukeguevs\FINAL_INF1015\RAII.hpp(1,1): warning C4828: The file contains a character starting at offset 0x4a that is illegal in the current source character set (codepage 65001).
  (compiling source file 'main.cpp')
  
C:\Users\lucas\source\repos\lukeguevs\FINAL_INF1015\RAII.hpp(1,1): warning C4828: The file contains a character starting at offset 0x66 that is illegal in the current source character set (codepage 65001).
  (compiling source file 'main.cpp')
  
C:\Users\lucas\source\repos\lukeguevs\FINAL_INF1015\King.hpp(1,1): warning C4828: The file contains a character starting at offset 0x4a that is illegal in the current source character set (codepage 65001).
  (compiling source file 'Chess.cpp')
  
C:\Users\lucas\source\repos\lukeguevs\FINAL_INF1015\King.hpp(1,1): warning C4828: The file contains a character starting at offset 0x66 that is illegal in the current source character set (codepage 65001).
  (compiling source file 'Chess.cpp')
  
C:\Users\lucas\source\repos\lukeguevs\FINAL_INF1015\Piece.hpp(1,1): warning C4828: The file contains a character starting at offset 0x4a that is illegal in the current source character set (codepage 65001).
  (compiling source file 'Chess.cpp')
  
C:\Users\lucas\source\repos\lukeguevs\FINAL_INF1015\Piece.hpp(1,1): warning C4828: The file contains a character starting at offset 0x66 that is illegal in the current source character set (codepage 65001).
  (compiling source file 'Chess.cpp')
  
C:\Users\lucas\source\repos\lukeguevs\FINAL_INF1015\Tour.hpp(1,1): warning C4828: The file contains a character starting at offset 0x4a that is illegal in the current source character set (codepage 65001).
  (compiling source file 'Chess.cpp')
  
C:\Users\lucas\source\repos\lukeguevs\FINAL_INF1015\Tour.hpp(1,1): warning C4828: The file contains a character starting at offset 0x66 that is illegal in the current source character set (codepage 65001).
  (compiling source file 'Chess.cpp')
  
C:\Users\lucas\source\repos\lukeguevs\FINAL_INF1015\Knight.hpp(1,1): warning C4828: The file contains a character starting at offset 0x4a that is illegal in the current source character set (codepage 65001).
  (compiling source file 'Chess.cpp')
  
C:\Users\lucas\source\repos\lukeguevs\FINAL_INF1015\Knight.hpp(1,1): warning C4828: The file contains a character starting at offset 0x66 that is illegal in the current source character set (codepage 65001).
  (compiling source file 'Chess.cpp')
  
C:\Users\lucas\source\repos\lukeguevs\FINAL_INF1015\RAII.hpp(1,1): warning C4828: The file contains a character starting at offset 0x4a that is illegal in the current source character set (codepage 65001).
  (compiling source file 'Chess.cpp')
  
C:\Users\lucas\source\repos\lukeguevs\FINAL_INF1015\RAII.hpp(1,1): warning C4828: The file contains a character starting at offset 0x66 that is illegal in the current source character set (codepage 65001).
  (compiling source file 'Chess.cpp')
  
C:\Users\lucas\source\repos\lukeguevs\FINAL_INF1015\King.hpp(1,1): warning C4828: The file contains a character starting at offset 0x4a that is illegal in the current source character set (codepage 65001).
  (compiling source file 'RAII.cpp')
  
C:\Users\lucas\source\repos\lukeguevs\FINAL_INF1015\King.hpp(1,1): warning C4828: The file contains a character starting at offset 0x66 that is illegal in the current source character set (codepage 65001).
  (compiling source file 'RAII.cpp')
  
C:\Users\lucas\source\repos\lukeguevs\FINAL_INF1015\Piece.hpp(1,1): warning C4828: The file contains a character starting at offset 0x4a that is illegal in the current source character set (codepage 65001).
  (compiling source file 'RAII.cpp')
  
C:\Users\lucas\source\repos\lukeguevs\FINAL_INF1015\Piece.hpp(1,1): warning C4828: The file contains a character starting at offset 0x66 that is illegal in the current source character set (codepage 65001).
  (compiling source file 'RAII.cpp')
  
C:\Users\lucas\source\repos\lukeguevs\FINAL_INF1015\Tour.hpp(1,1): warning C4828: The file contains a character starting at offset 0x4a that is illegal in the current source character set (codepage 65001).
  (compiling source file 'RAII.cpp')
  
C:\Users\lucas\source\repos\lukeguevs\FINAL_INF1015\Tour.hpp(1,1): warning C4828: The file contains a character starting at offset 0x66 that is illegal in the current source character set (codepage 65001).
  (compiling source file 'RAII.cpp')
  
C:\Users\lucas\source\repos\lukeguevs\FINAL_INF1015\Knight.hpp(1,1): warning C4828: The file contains a character starting at offset 0x4a that is illegal in the current source character set (codepage 65001).
  (compiling source file 'RAII.cpp')
  
C:\Users\lucas\source\repos\lukeguevs\FINAL_INF1015\Knight.hpp(1,1): warning C4828: The file contains a character starting at offset 0x66 that is illegal in the current source character set (codepage 65001).
  (compiling source file 'RAII.cpp')
  
C:\Program Files\Microsoft Visual Studio\2022\Enterprise\VC\Tools\MSVC\14.39.33519\include\unordered_map(49,99): error C2280: 'std::_Uhash_compare<_Kty,_Hasher,_Keyeq>::_Uhash_compare(const std::_Uhash_compare<_Kty,_Hasher,_Keyeq> &)': attempting to reference a deleted function
C:\Program Files\Microsoft Visual Studio\2022\Enterprise\VC\Tools\MSVC\14.39.33519\include\unordered_map(49,99): error C2280:         with
C:\Program Files\Microsoft Visual Studio\2022\Enterprise\VC\Tools\MSVC\14.39.33519\include\unordered_map(49,99): error C2280:         [
C:\Program Files\Microsoft Visual Studio\2022\Enterprise\VC\Tools\MSVC\14.39.33519\include\unordered_map(49,99): error C2280:             _Kty=chess::Piece,
C:\Program Files\Microsoft Visual Studio\2022\Enterprise\VC\Tools\MSVC\14.39.33519\include\unordered_map(49,99): error C2280:             _Hasher=std::hash<chess::Piece>,
C:\Program Files\Microsoft Visual Studio\2022\Enterprise\VC\Tools\MSVC\14.39.33519\include\unordered_map(49,99): error C2280:             _Keyeq=std::equal_to<chess::Piece>
C:\Program Files\Microsoft Visual Studio\2022\Enterprise\VC\Tools\MSVC\14.39.33519\include\unordered_map(49,99): error C2280:         ]
  (compiling source file 'ChessBoard.cpp')
  C:\Program Files\Microsoft Visual Studio\2022\Enterprise\VC\Tools\MSVC\14.39.33519\include\xhash(174,1):
  compiler has generated 'std::_Uhash_compare<_Kty,_Hasher,_Keyeq>::_Uhash_compare' here
          with
          [
              _Kty=chess::Piece,
              _Hasher=std::hash<chess::Piece>,
              _Keyeq=std::equal_to<chess::Piece>
          ]
  C:\Program Files\Microsoft Visual Studio\2022\Enterprise\VC\Tools\MSVC\14.39.33519\include\xhash(174,1):
  'std::_Uhash_compare<_Kty,_Hasher,_Keyeq>::_Uhash_compare(const std::_Uhash_compare<_Kty,_Hasher,_Keyeq> &)': function was implicitly deleted because a data member invokes a deleted or inaccessible function 'std::_Compressed_pair<_Hasher,std::_Compressed_pair<_Keyeq,float,true>,true>::_Compressed_pair(const std::_Compressed_pair<_Hasher,std::_Compressed_pair<_Keyeq,float,true>,true> &)'
          with
          [
              _Kty=chess::Piece,
              _Hasher=std::hash<chess::Piece>,
              _Keyeq=std::equal_to<chess::Piece>
          ]
          and
          [
              _Hasher=std::hash<chess::Piece>,
              _Keyeq=std::equal_to<chess::Piece>
          ]
  C:\Program Files\Microsoft Visual Studio\2022\Enterprise\VC\Tools\MSVC\14.39.33519\include\xmemory(1537,1):
  'std::_Compressed_pair<_Hasher,std::_Compressed_pair<_Keyeq,float,true>,true>::_Compressed_pair(const std::_Compressed_pair<_Hasher,std::_Compressed_pair<_Keyeq,float,true>,true> &)': function was implicitly deleted because a base class invokes a deleted or inaccessible function 'std::hash<chess::Piece>::hash(const std::hash<chess::Piece> &)'
          with
          [
              _Hasher=std::hash<chess::Piece>,
              _Keyeq=std::equal_to<chess::Piece>
          ]
  C:\Program Files\Microsoft Visual Studio\2022\Enterprise\VC\Tools\MSVC\14.39.33519\include\type_traits(2386,1):
  'std::hash<chess::Piece>::hash(const std::hash<chess::Piece> &)': function was implicitly deleted because a base class invokes a deleted or inaccessible function 'std::_Conditionally_enabled_hash<_Kty,false>::_Conditionally_enabled_hash(const std::_Conditionally_enabled_hash<_Kty,false> &)'
          with
          [
              _Kty=chess::Piece
          ]
  C:\Program Files\Microsoft Visual Studio\2022\Enterprise\VC\Tools\MSVC\14.39.33519\include\type_traits(2373,5):
  'std::_Conditionally_enabled_hash<_Kty,false>::_Conditionally_enabled_hash(const std::_Conditionally_enabled_hash<_Kty,false> &)': function was explicitly deleted
          with
          [
              _Kty=chess::Piece
          ]
  C:\Program Files\Microsoft Visual Studio\2022\Enterprise\VC\Tools\MSVC\14.39.33519\include\unordered_map(49,99):
  the template instantiation context (the oldest one first) is
  	C:\Users\lucas\source\repos\lukeguevs\FINAL_INF1015\ChessBoard.cpp(203,40):
  	see reference to class template instantiation 'std::unordered_map<chess::Piece,std::pair<int,int>,std::hash<chess::Piece>,std::equal_to<chess::Piece>,std::allocator<std::pair<const chess::Piece,std::pair<int,int>>>>' being compiled
  	C:\Program Files\Microsoft Visual Studio\2022\Enterprise\VC\Tools\MSVC\14.39.33519\include\unordered_map(66,30):
  	see reference to class template instantiation 'std::_Hash<std::_Umap_traits<_Kty,_Ty,std::_Uhash_compare<_Kty,_Hasher,_Keyeq>,_Alloc,false>>' being compiled
          with
          [
              _Kty=chess::Piece,
              _Ty=std::pair<int,int>,
              _Hasher=std::hash<chess::Piece>,
              _Keyeq=std::equal_to<chess::Piece>,
              _Alloc=std::allocator<std::pair<const chess::Piece,std::pair<int,int>>>
          ]
  	C:\Program Files\Microsoft Visual Studio\2022\Enterprise\VC\Tools\MSVC\14.39.33519\include\xhash(332,56):
  	see reference to class template instantiation 'std::_Umap_traits<_Kty,_Ty,std::_Uhash_compare<_Kty,_Hasher,_Keyeq>,_Alloc,false>' being compiled
          with
          [
              _Kty=chess::Piece,
              _Ty=std::pair<int,int>,
              _Hasher=std::hash<chess::Piece>,
              _Keyeq=std::equal_to<chess::Piece>,
              _Alloc=std::allocator<std::pair<const chess::Piece,std::pair<int,int>>>
          ]
  	C:\Program Files\Microsoft Visual Studio\2022\Enterprise\VC\Tools\MSVC\14.39.33519\include\unordered_map(49,5):
  	while compiling class template member function 'std::_Umap_traits<_Kty,_Ty,std::_Uhash_compare<_Kty,_Hasher,_Keyeq>,_Alloc,false>::_Umap_traits(const _Tr &) noexcept(false)'
          with
          [
              _Kty=chess::Piece,
              _Ty=std::pair<int,int>,
              _Hasher=std::hash<chess::Piece>,
              _Keyeq=std::equal_to<chess::Piece>,
              _Alloc=std::allocator<std::pair<const chess::Piece,std::pair<int,int>>>,
              _Tr=std::_Uhash_compare<chess::Piece,std::hash<chess::Piece>,std::equal_to<chess::Piece>>
          ]
  		C:\Program Files\Microsoft Visual Studio\2022\Enterprise\VC\Tools\MSVC\14.39.33519\include\xhash(373,21):
  		see the first reference to 'std::_Umap_traits<_Kty,_Ty,std::_Uhash_compare<_Kty,_Hasher,_Keyeq>,_Alloc,false>::_Umap_traits' in 'std::_Hash<std::_Umap_traits<_Kty,_Ty,std::_Uhash_compare<_Kty,_Hasher,_Keyeq>,_Alloc,false>>::_Hash'
          with
          [
              _Kty=chess::Piece,
              _Ty=std::pair<int,int>,
              _Hasher=std::hash<chess::Piece>,
              _Keyeq=std::equal_to<chess::Piece>,
              _Alloc=std::allocator<std::pair<const chess::Piece,std::pair<int,int>>>
          ]
  		C:\Program Files\Microsoft Visual Studio\2022\Enterprise\VC\Tools\MSVC\14.39.33519\include\unordered_map(106,30):
  		see the first reference to 'std::_Hash<std::_Umap_traits<_Kty,_Ty,std::_Uhash_compare<_Kty,_Hasher,_Keyeq>,_Alloc,false>>::_Hash' in 'std::unordered_map<chess::Piece,std::pair<int,int>,std::hash<chess::Piece>,std::equal_to<chess::Piece>,std::allocator<std::pair<const chess::Piece,std::pair<int,int>>>>::unordered_map'
          with
          [
              _Kty=chess::Piece,
              _Ty=std::pair<int,int>,
              _Hasher=std::hash<chess::Piece>,
              _Keyeq=std::equal_to<chess::Piece>,
              _Alloc=std::allocator<std::pair<const chess::Piece,std::pair<int,int>>>
          ]
  		C:\Users\lucas\source\repos\lukeguevs\FINAL_INF1015\ChessBoard.cpp(203,40):
  		see the first reference to 'std::unordered_map<chess::Piece,std::pair<int,int>,std::hash<chess::Piece>,std::equal_to<chess::Piece>,std::allocator<std::pair<const chess::Piece,std::pair<int,int>>>>::unordered_map' in 'board::ChessBoard::estEchec'
  
